============================= test session starts =============================
platform win32 -- Python 3.13.5, pytest-8.4.2, pluggy-1.6.0 -- z:\_python\.venv\Scripts\python.exe
cachedir: .pytest_cache
rootdir: Z:\_python\2025\09_September\24_09\hw
plugins: anyio-4.9.0
collecting ... collected 8 items

tests/test_calculator.py::test_addition PASSED                           [ 12%]
tests/test_calculator.py::test_subtraction PASSED                        [ 25%]
tests/test_calculator.py::test_multiplication PASSED                     [ 37%]
tests/test_calculator.py::test_division PASSED                           [ 50%]
tests/test_calculator.py::test_division_by_zero PASSED                   [ 62%]
tests/test_calculator.py::test_exponentiation PASSED                     [ 75%]
tests/test_calculator.py::test_square_root PASSED                        [ 87%]
tests/test_calculator.py::test_square_root_negative PASSED               [100%]

============================== 8 passed in 0.03s ==============================
